TableMeets/app/build/intermediates/manifest_merge_blame_file/debug/manifest-merger-blame-debug-report.txt
1<?xml version="1.0" encoding="utf-8"?>
2<manifest xmlns:android="http://schemas.android.com/apk/res/android"
3    package="com.example.tablemeets"
4    android:versionCode="1"
5    android:versionName="1.0" >
6
7    <uses-sdk
8        android:minSdkVersion="26"
9        android:targetSdkVersion="33" />
10
11    <permission
11-->[androidx.core:core:1.9.0] AndroidManifest.xml:22:5-24:47
12        android:name="com.example.tablemeets.DYNAMIC_RECEIVER_NOT_EXPORTED_PERMISSION"
12-->[androidx.core:core:1.9.0] AndroidManifest.xml:23:9-81
13        android:protectionLevel="signature" />
13-->[androidx.core:core:1.9.0] AndroidManifest.xml:24:9-44
14
15    <uses-permission android:name="com.example.tablemeets.DYNAMIC_RECEIVER_NOT_EXPORTED_PERMISSION" />
15-->[androidx.core:core:1.9.0] AndroidManifest.xml:26:5-97
15-->[androidx.core:core:1.9.0] AndroidManifest.xml:26:22-94
16    <uses-permission android:name="android.permission.REORDER_TASKS" />
16-->[androidx.test:core:1.5.0] AndroidManifest.xml:24:5-72
16-->[androidx.test:core:1.5.0] AndroidManifest.xml:24:22-69
17
18    <application
18-->src\main\AndroidManifest.xml:5:5-107:19
19        android:allowBackup="true"
19-->src\main\AndroidManifest.xml:6:9-35
20        android:appComponentFactory="androidx.core.app.CoreComponentFactory"
20-->[androidx.core:core:1.9.0] AndroidManifest.xml:28:18-86
21        android:dataExtractionRules="@xml/data_extraction_rules"
21-->src\main\AndroidManifest.xml:7:9-65
22        android:debuggable="true"
23        android:extractNativeLibs="false"
24        android:fullBackupContent="@xml/backup_rules"
24-->src\main\AndroidManifest.xml:8:9-54
25        android:icon="@mipmap/ic_launcher_round"
25-->src\main\AndroidManifest.xml:9:9-49
26        android:label="@string/app_name"
26-->src\main\AndroidManifest.xml:10:9-41
27        android:roundIcon="@mipmap/ic_launcher_round"
27-->src\main\AndroidManifest.xml:11:9-54
28        android:supportsRtl="true"
28-->src\main\AndroidManifest.xml:12:9-35
29        android:testOnly="true"
30        android:theme="@style/Theme.TableMeets" >
30-->src\main\AndroidManifest.xml:13:9-48
31        <activity
31-->src\main\AndroidManifest.xml:16:9-24:20
32            android:name="com.example.tablemeets.Login"
32-->src\main\AndroidManifest.xml:17:13-34
33            android:exported="true" >
33-->src\main\AndroidManifest.xml:18:13-36
34            <intent-filter>
34-->src\main\AndroidManifest.xml:19:13-22:29
35                <action android:name="android.intent.action.MAIN" />
35-->src\main\AndroidManifest.xml:20:17-69
35-->src\main\AndroidManifest.xml:20:25-66
36
37                <category android:name="android.intent.category.LAUNCHER" />
37-->src\main\AndroidManifest.xml:21:17-77
37-->src\main\AndroidManifest.xml:21:27-74
38            </intent-filter>
39        </activity>
40        <activity
40-->src\main\AndroidManifest.xml:26:9-29:20
41            android:name="com.example.tablemeets.AppDatabaseHelper"
41-->src\main\AndroidManifest.xml:27:13-46
42            android:exported="true" >
42-->src\main\AndroidManifest.xml:28:13-36
43        </activity>
44        <activity
44-->src\main\AndroidManifest.xml:31:9-35:20
45            android:name="com.example.tablemeets.Home"
45-->src\main\AndroidManifest.xml:32:13-33
46            android:exported="true"
46-->src\main\AndroidManifest.xml:34:13-36
47            android:label="." >
47-->src\main\AndroidManifest.xml:33:13-30
48        </activity>
49        <activity
49-->src\main\AndroidManifest.xml:37:9-40:20
50            android:name="com.example.tablemeets.Register"
50-->src\main\AndroidManifest.xml:38:13-37
51            android:exported="true" >
51-->src\main\AndroidManifest.xml:39:13-36
52        </activity>
53        <activity
53-->src\main\AndroidManifest.xml:42:9-45:20
54            android:name="com.example.tablemeets.ForgotPassword"
54-->src\main\AndroidManifest.xml:43:13-43
55            android:exported="true" >
55-->src\main\AndroidManifest.xml:44:13-36
56        </activity>
57        <activity
57-->src\main\AndroidManifest.xml:47:9-50:20
58            android:name="com.example.tablemeets.NewEvent"
58-->src\main\AndroidManifest.xml:48:13-37
59            android:exported="true" >
59-->src\main\AndroidManifest.xml:49:13-36
60        </activity>
61        <activity
61-->src\main\AndroidManifest.xml:52:9-56:20
62            android:name="com.example.tablemeets.TypeOfEvent"
62-->src\main\AndroidManifest.xml:53:13-40
63            android:exported="true" >
63-->src\main\AndroidManifest.xml:54:13-36
64        </activity>
65        <activity
65-->src\main\AndroidManifest.xml:58:9-61:20
66            android:name="com.example.tablemeets.SearchEvent"
66-->src\main\AndroidManifest.xml:59:13-40
67            android:exported="true" >
67-->src\main\AndroidManifest.xml:60:13-36
68        </activity>
69        <activity
69-->src\main\AndroidManifest.xml:63:9-66:20
70            android:name="com.example.tablemeets.Games"
70-->src\main\AndroidManifest.xml:64:13-34
71            android:exported="true" >
71-->src\main\AndroidManifest.xml:65:13-36
72        </activity>
73        <activity
73-->src\main\AndroidManifest.xml:68:9-71:20
74            android:name="com.example.tablemeets.EventsCreated"
74-->src\main\AndroidManifest.xml:69:13-42
75            android:exported="true" >
75-->src\main\AndroidManifest.xml:70:13-36
76        </activity>
77        <activity
77-->src\main\AndroidManifest.xml:73:9-76:20
78            android:name="com.example.tablemeets.AttendingEvents"
78-->src\main\AndroidManifest.xml:74:13-44
79            android:exported="true" >
79-->src\main\AndroidManifest.xml:75:13-36
80        </activity>
81        <activity
81-->src\main\AndroidManifest.xml:78:9-81:20
82            android:name="com.example.tablemeets.Settings"
82-->src\main\AndroidManifest.xml:79:13-37
83            android:exported="true" >
83-->src\main\AndroidManifest.xml:80:13-36
84        </activity>
85        <activity
85-->src\main\AndroidManifest.xml:83:9-86:20
86            android:name="com.example.tablemeets.Profile"
86-->src\main\AndroidManifest.xml:84:13-36
87            android:exported="true" >
87-->src\main\AndroidManifest.xml:85:13-36
88        </activity>
89        <activity
89-->src\main\AndroidManifest.xml:88:9-91:20
90            android:name="com.example.tablemeets.EditProfile"
90-->src\main\AndroidManifest.xml:89:13-40
91            android:exported="true" >
91-->src\main\AndroidManifest.xml:90:13-36
92        </activity>
93        <activity
93-->src\main\AndroidManifest.xml:93:9-96:20
94            android:name="com.example.tablemeets.AboutUs"
94-->src\main\AndroidManifest.xml:94:13-36
95            android:exported="true" >
95-->src\main\AndroidManifest.xml:95:13-36
96        </activity>
97        <activity
97-->src\main\AndroidManifest.xml:98:9-101:20
98            android:name="com.example.tablemeets.DescriptionCreatedEvent"
98-->src\main\AndroidManifest.xml:99:13-52
99            android:exported="true" >
99-->src\main\AndroidManifest.xml:100:13-36
100        </activity>
101        <activity
101-->src\main\AndroidManifest.xml:102:9-105:20
102            android:name="com.example.tablemeets.DescriptionAttendingEvent"
102-->src\main\AndroidManifest.xml:103:13-54
103            android:exported="true" >
103-->src\main\AndroidManifest.xml:104:13-36
104        </activity>
105
106        <service
106-->[androidx.room:room-runtime:2.6.1] AndroidManifest.xml:24:9-28:63
107            android:name="androidx.room.MultiInstanceInvalidationService"
107-->[androidx.room:room-runtime:2.6.1] AndroidManifest.xml:25:13-74
108            android:directBootAware="true"
108-->[androidx.room:room-runtime:2.6.1] AndroidManifest.xml:26:13-43
109            android:exported="false" />
109-->[androidx.room:room-runtime:2.6.1] AndroidManifest.xml:27:13-37
110
111        <provider
111-->[androidx.emoji2:emoji2:1.2.0] AndroidManifest.xml:24:9-32:20
112            android:name="androidx.startup.InitializationProvider"
112-->[androidx.emoji2:emoji2:1.2.0] AndroidManifest.xml:25:13-67
113            android:authorities="com.example.tablemeets.androidx-startup"
113-->[androidx.emoji2:emoji2:1.2.0] AndroidManifest.xml:26:13-68
114            android:exported="false" >
114-->[androidx.emoji2:emoji2:1.2.0] AndroidManifest.xml:27:13-37
115            <meta-data
115-->[androidx.emoji2:emoji2:1.2.0] AndroidManifest.xml:29:13-31:52
116                android:name="androidx.emoji2.text.EmojiCompatInitializer"
116-->[androidx.emoji2:emoji2:1.2.0] AndroidManifest.xml:30:17-75
117                android:value="androidx.startup" />
117-->[androidx.emoji2:emoji2:1.2.0] AndroidManifest.xml:31:17-49
118            <meta-data
118-->[androidx.lifecycle:lifecycle-process:2.4.1] AndroidManifest.xml:31:13-33:52
119                android:name="androidx.lifecycle.ProcessLifecycleInitializer"
119-->[androidx.lifecycle:lifecycle-process:2.4.1] AndroidManifest.xml:32:17-78
120                android:value="androidx.startup" />
120-->[androidx.lifecycle:lifecycle-process:2.4.1] AndroidManifest.xml:33:17-49
121        </provider>
122
123        <activity
123-->[androidx.test:core:1.5.0] AndroidManifest.xml:27:9-34:20
124            android:name="androidx.test.core.app.InstrumentationActivityInvoker$BootstrapActivity"
124-->[androidx.test:core:1.5.0] AndroidManifest.xml:28:13-99
125            android:exported="true"
125-->[androidx.test:core:1.5.0] AndroidManifest.xml:29:13-36
126            android:theme="@style/WhiteBackgroundTheme" >
126-->[androidx.test:core:1.5.0] AndroidManifest.xml:30:13-56
127            <intent-filter android:priority="-100" >
127-->[androidx.test:core:1.5.0] AndroidManifest.xml:31:13-33:29
127-->[androidx.test:core:1.5.0] AndroidManifest.xml:31:28-51
128                <category android:name="android.intent.category.LAUNCHER" />
128-->src\main\AndroidManifest.xml:21:17-77
128-->src\main\AndroidManifest.xml:21:27-74
129            </intent-filter>
130        </activity>
131        <activity
131-->[androidx.test:core:1.5.0] AndroidManifest.xml:35:9-42:20
132            android:name="androidx.test.core.app.InstrumentationActivityInvoker$EmptyActivity"
132-->[androidx.test:core:1.5.0] AndroidManifest.xml:36:13-95
133            android:exported="true"
133-->[androidx.test:core:1.5.0] AndroidManifest.xml:37:13-36
134            android:theme="@style/WhiteBackgroundTheme" >
134-->[androidx.test:core:1.5.0] AndroidManifest.xml:38:13-56
135            <intent-filter android:priority="-100" >
135-->[androidx.test:core:1.5.0] AndroidManifest.xml:31:13-33:29
135-->[androidx.test:core:1.5.0] AndroidManifest.xml:31:28-51
136                <category android:name="android.intent.category.LAUNCHER" />
136-->src\main\AndroidManifest.xml:21:17-77
136-->src\main\AndroidManifest.xml:21:27-74
137            </intent-filter>
138        </activity>
139        <activity
139-->[androidx.test:core:1.5.0] AndroidManifest.xml:43:9-50:20
140            android:name="androidx.test.core.app.InstrumentationActivityInvoker$EmptyFloatingActivity"
140-->[androidx.test:core:1.5.0] AndroidManifest.xml:44:13-103
141            android:exported="true"
141-->[androidx.test:core:1.5.0] AndroidManifest.xml:45:13-36
142            android:theme="@style/WhiteBackgroundDialogTheme" >
142-->[androidx.test:core:1.5.0] AndroidManifest.xml:46:13-62
143            <intent-filter android:priority="-100" >
143-->[androidx.test:core:1.5.0] AndroidManifest.xml:31:13-33:29
143-->[androidx.test:core:1.5.0] AndroidManifest.xml:31:28-51
144                <category android:name="android.intent.category.LAUNCHER" />
144-->src\main\AndroidManifest.xml:21:17-77
144-->src\main\AndroidManifest.xml:21:27-74
145            </intent-filter>
146        </activity>
147    </application>
148
149</manifest>